<?xml version="1.0" encoding="UTF-8"?>
<testng-results ignored="0" total="5" passed="4" failed="1" skipped="0">
  <reporter-output>
  </reporter-output>
  <suite started-at="2025-03-30T20:09:31 IST" name="Cross-Platform" finished-at="2025-03-30T20:10:50 IST" duration-ms="78350">
    <groups>
    </groups>
    <test started-at="2025-03-30T20:09:31 IST" name="BStackDemo-2" finished-at="2025-03-30T20:10:11 IST" duration-ms="40177">
      <class name="com.browserstack.BStackDemoTest">
        <test-method is-config="true" signature="setUp()[pri:0, instance:com.browserstack.BStackDemoTest@42435b98]" started-at="2025-03-30T20:09:31 IST" name="setUp" finished-at="2025-03-30T20:09:50 IST" duration-ms="18558" status="PASS">
          <reporter-output>
          </reporter-output>
        </test-method> <!-- setUp -->
        <test-method signature="getTitleAndContentOfArticles()[pri:0, instance:com.browserstack.BStackDemoTest@42435b98]" started-at="2025-03-30T20:09:50 IST" name="getTitleAndContentOfArticles" finished-at="2025-03-30T20:10:09 IST" duration-ms="18820" status="PASS">
          <reporter-output>
          </reporter-output>
        </test-method> <!-- getTitleAndContentOfArticles -->
        <test-method is-config="true" signature="tearDown()[pri:0, instance:com.browserstack.BStackDemoTest@42435b98]" started-at="2025-03-30T20:10:09 IST" name="tearDown" finished-at="2025-03-30T20:10:11 IST" duration-ms="2150" status="PASS">
          <reporter-output>
          </reporter-output>
        </test-method> <!-- tearDown -->
      </class> <!-- com.browserstack.BStackDemoTest -->
    </test> <!-- BStackDemo-2 -->
    <test started-at="2025-03-30T20:09:31 IST" name="BStackDemo-4" finished-at="2025-03-30T20:10:15 IST" duration-ms="44146">
      <class name="com.browserstack.BStackDemoTest">
        <test-method is-config="true" signature="setUp()[pri:0, instance:com.browserstack.BStackDemoTest@15fdd1f2]" started-at="2025-03-30T20:09:31 IST" name="setUp" finished-at="2025-03-30T20:09:57 IST" duration-ms="25574" status="PASS">
          <reporter-output>
          </reporter-output>
        </test-method> <!-- setUp -->
        <test-method signature="getTitleAndContentOfArticles()[pri:0, instance:com.browserstack.BStackDemoTest@15fdd1f2]" started-at="2025-03-30T20:09:57 IST" name="getTitleAndContentOfArticles" finished-at="2025-03-30T20:10:13 IST" duration-ms="15663" status="PASS">
          <reporter-output>
          </reporter-output>
        </test-method> <!-- getTitleAndContentOfArticles -->
        <test-method is-config="true" signature="tearDown()[pri:0, instance:com.browserstack.BStackDemoTest@15fdd1f2]" started-at="2025-03-30T20:10:13 IST" name="tearDown" finished-at="2025-03-30T20:10:15 IST" duration-ms="2302" status="PASS">
          <reporter-output>
          </reporter-output>
        </test-method> <!-- tearDown -->
      </class> <!-- com.browserstack.BStackDemoTest -->
    </test> <!-- BStackDemo-4 -->
    <test started-at="2025-03-30T20:09:31 IST" name="BStackDemo-3" finished-at="2025-03-30T20:10:19 IST" duration-ms="47790">
      <class name="com.browserstack.BStackDemoTest">
        <test-method is-config="true" signature="setUp()[pri:0, instance:com.browserstack.BStackDemoTest@9d200de]" started-at="2025-03-30T20:09:31 IST" name="setUp" finished-at="2025-03-30T20:09:55 IST" duration-ms="23293" status="PASS">
          <reporter-output>
          </reporter-output>
        </test-method> <!-- setUp -->
        <test-method signature="getTitleAndContentOfArticles()[pri:0, instance:com.browserstack.BStackDemoTest@9d200de]" started-at="2025-03-30T20:09:55 IST" name="getTitleAndContentOfArticles" finished-at="2025-03-30T20:10:16 IST" duration-ms="21368" status="FAIL">
          <exception class="org.openqa.selenium.NoSuchElementException">
            <message>
              <![CDATA[An element could not be located on the page using the given search parameters.
For documentation on this error, please visit: https://www.selenium.dev/documentation/webdriver/troubleshooting/errors#no-such-element-exception
Build info: version: '4.30.0', revision: '509c7f17cc*'
System info: os.name: 'Windows 11', os.arch: 'amd64', os.version: '10.0', java.version: '21.0.6'
Driver info: org.openqa.selenium.chrome.ChromeDriver
Command: [f2d58f6dc1495af65883beb9d16997f547f6936c, findElement {using=id, value=didomi-notice-agree-button}]
Capabilities {automationName: XCUITest, bootstrapPath: /usr/local/.browserstack/co..., browserName: , browserVersion: null, browserstack.isTargetBased: true, bundleId: browserstack.chromium.p.109..., databaseEnabled: false, deviceName: iPhone 15 Pro Max, deviceOrientation: PORTRAIT, javascriptEnabled: true, keychainPassword: [REDACTED VALUE], keychainPath: [REDACTED VALUE], locationContextEnabled: false, networkConnectionEnabled: false, newCommandTimeout: 0, noReset: true, optimalHubUrl: hub-aps.browserstack.com, orientation: PORTRAIT, platform: MAC, platformName: IOS, realMobile: true, takesScreenshot: true, udid: 00008130-000C34D01168001C, useXctestrunFile: true, webStorageEnabled: false}
Session ID: f2d58f6dc1495af65883beb9d16997f547f6936c]]>
            </message>
            <full-stacktrace>
              <![CDATA[org.openqa.selenium.NoSuchElementException: An element could not be located on the page using the given search parameters.
For documentation on this error, please visit: https://www.selenium.dev/documentation/webdriver/troubleshooting/errors#no-such-element-exception
Build info: version: '4.30.0', revision: '509c7f17cc*'
System info: os.name: 'Windows 11', os.arch: 'amd64', os.version: '10.0', java.version: '21.0.6'
Driver info: org.openqa.selenium.chrome.ChromeDriver
Command: [f2d58f6dc1495af65883beb9d16997f547f6936c, findElement {using=id, value=didomi-notice-agree-button}]
Capabilities {automationName: XCUITest, bootstrapPath: /usr/local/.browserstack/co..., browserName: , browserVersion: null, browserstack.isTargetBased: true, bundleId: browserstack.chromium.p.109..., databaseEnabled: false, deviceName: iPhone 15 Pro Max, deviceOrientation: PORTRAIT, javascriptEnabled: true, keychainPassword: [REDACTED VALUE], keychainPath: [REDACTED VALUE], locationContextEnabled: false, networkConnectionEnabled: false, newCommandTimeout: 0, noReset: true, optimalHubUrl: hub-aps.browserstack.com, orientation: PORTRAIT, platform: MAC, platformName: IOS, realMobile: true, takesScreenshot: true, udid: 00008130-000C34D01168001C, useXctestrunFile: true, webStorageEnabled: false}
Session ID: f2d58f6dc1495af65883beb9d16997f547f6936c
at java.base/jdk.internal.reflect.DirectConstructorHandleAccessor.newInstance(DirectConstructorHandleAccessor.java:62)
at java.base/java.lang.reflect.Constructor.newInstanceWithCaller(Constructor.java:502)
at java.base/java.lang.reflect.Constructor.newInstance(Constructor.java:486)
at org.openqa.selenium.remote.ErrorCodec.decode(ErrorCodec.java:167)
at org.openqa.selenium.remote.codec.w3c.W3CHttpResponseCodec.decode(W3CHttpResponseCodec.java:138)
at org.openqa.selenium.remote.codec.w3c.W3CHttpResponseCodec.decode(W3CHttpResponseCodec.java:50)
at org.openqa.selenium.remote.HttpCommandExecutor.execute(HttpCommandExecutor.java:215)
at org.openqa.selenium.remote.RemoteWebDriver.execute(RemoteWebDriver.java:545)
at org.openqa.selenium.remote.ElementLocation$ElementFinder$2.findElement(ElementLocation.java:165)
at org.openqa.selenium.remote.ElementLocation.findElement(ElementLocation.java:66)
at org.openqa.selenium.remote.RemoteWebDriver.findElement(RemoteWebDriver.java:368)
at org.openqa.selenium.remote.RemoteWebDriver.findElement(RemoteWebDriver.java:362)
at com.browserstack.BStackDemoTest.getTitleAndContentOfArticles(BStackDemoTest.java:57)
at java.base/jdk.internal.reflect.DirectMethodHandleAccessor.invoke(DirectMethodHandleAccessor.java:103)
at java.base/java.lang.reflect.Method.invoke(Method.java:580)
at org.testng.internal.invokers.MethodInvocationHelper.invokeMethod(MethodInvocationHelper.java:141)
at org.testng.internal.invokers.TestInvoker.invokeMethod(TestInvoker.java:686)
at org.testng.internal.invokers.TestInvoker.invokeTestMethod(TestInvoker.java:230)
at org.testng.internal.invokers.MethodRunner.runInSequence(MethodRunner.java:63)
at org.testng.internal.invokers.TestInvoker$MethodInvocationAgent.invoke(TestInvoker.java:992)
at org.testng.internal.invokers.TestInvoker.invokeTestMethods(TestInvoker.java:203)
at org.testng.internal.invokers.TestMethodWorker.invokeTestMethods(TestMethodWorker.java:154)
at org.testng.internal.invokers.TestMethodWorker.run(TestMethodWorker.java:134)
at java.base/java.util.ArrayList.forEach(ArrayList.java:1596)
at org.testng.TestRunner.privateRun(TestRunner.java:739)
at org.testng.TestRunner.run(TestRunner.java:614)
at org.testng.SuiteRunner.runTest(SuiteRunner.java:421)
at org.testng.SuiteRunner$SuiteWorker.run(SuiteRunner.java:463)
at org.testng.internal.thread.ThreadUtil.lambda$execute$0(ThreadUtil.java:64)
at java.base/java.util.concurrent.FutureTask.run(FutureTask.java:317)
at java.base/java.util.concurrent.ThreadPoolExecutor.runWorker(ThreadPoolExecutor.java:1144)
at java.base/java.util.concurrent.ThreadPoolExecutor$Worker.run(ThreadPoolExecutor.java:642)
at java.base/java.lang.Thread.run(Thread.java:1583)
]]>
            </full-stacktrace>
          </exception> <!-- org.openqa.selenium.NoSuchElementException -->
          <reporter-output>
          </reporter-output>
        </test-method> <!-- getTitleAndContentOfArticles -->
        <test-method is-config="true" signature="tearDown()[pri:0, instance:com.browserstack.BStackDemoTest@9d200de]" started-at="2025-03-30T20:10:17 IST" name="tearDown" finished-at="2025-03-30T20:10:19 IST" duration-ms="2383" status="PASS">
          <reporter-output>
          </reporter-output>
        </test-method> <!-- tearDown -->
      </class> <!-- com.browserstack.BStackDemoTest -->
    </test> <!-- BStackDemo-3 -->
    <test started-at="2025-03-30T20:09:31 IST" name="BStackDemo-0" finished-at="2025-03-30T20:10:22 IST" duration-ms="50952">
      <class name="com.browserstack.BStackDemoTest">
        <test-method is-config="true" signature="setUp()[pri:0, instance:com.browserstack.BStackDemoTest@7fab4be7]" started-at="2025-03-30T20:09:31 IST" name="setUp" finished-at="2025-03-30T20:09:46 IST" duration-ms="14259" status="PASS">
          <reporter-output>
          </reporter-output>
        </test-method> <!-- setUp -->
        <test-method signature="getTitleAndContentOfArticles()[pri:0, instance:com.browserstack.BStackDemoTest@7fab4be7]" started-at="2025-03-30T20:09:46 IST" name="getTitleAndContentOfArticles" finished-at="2025-03-30T20:10:20 IST" duration-ms="33802" status="PASS">
          <reporter-output>
          </reporter-output>
        </test-method> <!-- getTitleAndContentOfArticles -->
        <test-method is-config="true" signature="tearDown()[pri:0, instance:com.browserstack.BStackDemoTest@7fab4be7]" started-at="2025-03-30T20:10:20 IST" name="tearDown" finished-at="2025-03-30T20:10:22 IST" duration-ms="2223" status="PASS">
          <reporter-output>
          </reporter-output>
        </test-method> <!-- tearDown -->
      </class> <!-- com.browserstack.BStackDemoTest -->
    </test> <!-- BStackDemo-0 -->
    <test started-at="2025-03-30T20:09:31 IST" name="BStackDemo-1" finished-at="2025-03-30T20:10:50 IST" duration-ms="78350">
      <class name="com.browserstack.BStackDemoTest">
        <test-method is-config="true" signature="setUp()[pri:0, instance:com.browserstack.BStackDemoTest@55f8669d]" started-at="2025-03-30T20:09:31 IST" name="setUp" finished-at="2025-03-30T20:09:50 IST" duration-ms="18078" status="PASS">
          <reporter-output>
          </reporter-output>
        </test-method> <!-- setUp -->
        <test-method signature="getTitleAndContentOfArticles()[pri:0, instance:com.browserstack.BStackDemoTest@55f8669d]" started-at="2025-03-30T20:09:50 IST" name="getTitleAndContentOfArticles" finished-at="2025-03-30T20:10:47 IST" duration-ms="57241" status="PASS">
          <reporter-output>
          </reporter-output>
        </test-method> <!-- getTitleAndContentOfArticles -->
        <test-method is-config="true" signature="tearDown()[pri:0, instance:com.browserstack.BStackDemoTest@55f8669d]" started-at="2025-03-30T20:10:47 IST" name="tearDown" finished-at="2025-03-30T20:10:50 IST" duration-ms="2348" status="PASS">
          <reporter-output>
          </reporter-output>
        </test-method> <!-- tearDown -->
      </class> <!-- com.browserstack.BStackDemoTest -->
    </test> <!-- BStackDemo-1 -->
  </suite> <!-- Cross-Platform -->
</testng-results>
