<?xml version="1.0" encoding="UTF-8"?>
<testsuite xmlns:xsi="http://www.w3.org/2001/XMLSchema-instance" xsi:schemaLocation="https://maven.apache.org/surefire/maven-surefire-plugin/xsd/surefire-test-report.xsd" name="TestSuite" time="80.409" tests="5" errors="0" skipped="0" failures="1">
  <properties>
[...]
</properties>
  <testcase name="getTitleAndContentOfArticles" classname="com.browserstack.BStackDemoTest" time="12.149"/>
  <testcase name="getTitleAndContentOfArticles" classname="com.browserstack.BStackDemoTest" time="15.97"/>
  <testcase name="getTitleAndContentOfArticles" classname="com.browserstack.BStackDemoTest" time="19.529">
    <failure message="An element could not be located on the page using the given search parameters.&#10;For documentation on this error, please visit: https://www.selenium.dev/documentation/webdriver/troubleshooting/errors#no-such-element-exception&#10;Build info: version: &apos;4.30.0&apos;, revision: &apos;509c7f17cc*&apos;&#10;System info: os.name: &apos;Windows 11&apos;, os.arch: &apos;amd64&apos;, os.version: &apos;10.0&apos;, java.version: &apos;21.0.6&apos;&#10;Driver info: org.openqa.selenium.chrome.ChromeDriver&#10;Command: [f2d58f6dc1495af65883beb9d16997f547f6936c, findElement {using=id, value=didomi-notice-agree-button}]&#10;Capabilities {automationName: XCUITest, bootstrapPath: /usr/local/.browserstack/co..., browserName: , browserVersion: null, browserstack.isTargetBased: true, bundleId: browserstack.chromium.p.109..., databaseEnabled: false, deviceName: iPhone 15 Pro Max, deviceOrientation: PORTRAIT, javascriptEnabled: true, keychainPassword: [REDACTED VALUE], keychainPath: [REDACTED VALUE], locationContextEnabled: false, networkConnectionEnabled: false, newCommandTimeout: 0, noReset: true, optimalHubUrl: hub-aps.browserstack.com, orientation: PORTRAIT, platform: MAC, platformName: IOS, realMobile: true, takesScreenshot: true, udid: 00008130-000C34D01168001C, useXctestrunFile: true, webStorageEnabled: false}&#10;Session ID: f2d58f6dc1495af65883beb9d16997f547f6936c" type="org.openqa.selenium.NoSuchElementException">org.openqa.selenium.NoSuchElementException: 
An element could not be located on the page using the given search parameters.
For documentation on this error, please visit: https://www.selenium.dev/documentation/webdriver/troubleshooting/errors#no-such-element-exception
Build info: version: '4.30.0', revision: '509c7f17cc*'
System info: os.name: 'Windows 11', os.arch: 'amd64', os.version: '10.0', java.version: '21.0.6'
Driver info: org.openqa.selenium.chrome.ChromeDriver
Command: [f2d58f6dc1495af65883beb9d16997f547f6936c, findElement {using=id, value=didomi-notice-agree-button}]
Capabilities {automationName: XCUITest, bootstrapPath: /usr/local/.browserstack/co..., browserName: , browserVersion: null, browserstack.isTargetBased: true, bundleId: browserstack.chromium.p.109..., databaseEnabled: false, deviceName: iPhone 15 Pro Max, deviceOrientation: PORTRAIT, javascriptEnabled: true, keychainPassword: [REDACTED VALUE], keychainPath: [REDACTED VALUE], locationContextEnabled: false, networkConnectionEnabled: false, newCommandTimeout: 0, noReset: true, optimalHubUrl: hub-aps.browserstack.com, orientation: PORTRAIT, platform: MAC, platformName: IOS, realMobile: true, takesScreenshot: true, udid: 00008130-000C34D01168001C, useXctestrunFile: true, webStorageEnabled: false}
Session ID: f2d58f6dc1495af65883beb9d16997f547f6936c
	at com.browserstack.BStackDemoTest.getTitleAndContentOfArticles(BStackDemoTest.java:57)
</failure>
  </testcase>
  <testcase name="getTitleAndContentOfArticles" classname="com.browserstack.BStackDemoTest" time="22.856"/>
  <testcase name="getTitleAndContentOfArticles" classname="com.browserstack.BStackDemoTest" time="50.136"/>
</testsuite>